2025-02-19 11:01:01,719 - feature_engineering - ERROR - File not found: params.yaml
2025-02-19 11:01:01,719 - feature_engineering - ERROR - Failed to complete the feature engineering process: [Errno 2] No such file or directory: 'params.yaml'
2025-02-19 11:01:44,512 - feature_engineering - DEBUG - Data loaded and NaNs filled from ./data/interim/train_processed.csv
2025-02-19 11:01:44,520 - feature_engineering - DEBUG - Data loaded and NaNs filled from ./data/interim/test_processed.csv
2025-02-19 11:01:44,577 - feature_engineering - DEBUG - tfidf applied and data transformed
2025-02-19 11:01:44,699 - feature_engineering - DEBUG - Data saved to ./data\processed\train_tfidf.csv
2025-02-19 11:01:44,723 - feature_engineering - DEBUG - Data saved to ./data\processed\test_tfidf.csv
2025-02-19 11:50:35,356 - feature_engineering - DEBUG - Data loaded and NaNs filled from ./data/interim/train_processed.csv
2025-02-19 11:50:35,360 - feature_engineering - DEBUG - Data loaded and NaNs filled from ./data/interim/test_processed.csv
2025-02-19 11:50:35,397 - feature_engineering - DEBUG - tfidf applied and data transformed
2025-02-19 11:50:35,474 - feature_engineering - DEBUG - Data saved to ./data\processed\train_tfidf.csv
2025-02-19 11:50:35,500 - feature_engineering - DEBUG - Data saved to ./data\processed\test_tfidf.csv
2025-02-19 19:41:29,455 - feature_engineering - DEBUG - Parameters retrieved from params.yaml
2025-02-19 19:41:29,464 - feature_engineering - DEBUG - Data loaded and NaNs filled from ./data/interim/train_processed.csv
2025-02-19 19:41:29,472 - feature_engineering - DEBUG - Data loaded and NaNs filled from ./data/interim/test_processed.csv
2025-02-19 19:41:29,539 - feature_engineering - DEBUG - tfidf applied and data transformed
2025-02-19 19:41:29,621 - feature_engineering - DEBUG - Data saved to ./data\processed\train_tfidf.csv
2025-02-19 19:41:29,646 - feature_engineering - DEBUG - Data saved to ./data\processed\test_tfidf.csv
2025-02-19 20:16:29,163 - feature_engineering - DEBUG - Parameters retrieved from params.yaml
2025-02-19 20:16:29,179 - feature_engineering - DEBUG - Data loaded and NaNs filled from ./data/interim/train_processed.csv
2025-02-19 20:16:29,183 - feature_engineering - DEBUG - Data loaded and NaNs filled from ./data/interim/test_processed.csv
2025-02-19 20:16:29,247 - feature_engineering - DEBUG - tfidf applied and data transformed
2025-02-19 20:16:29,352 - feature_engineering - DEBUG - Data saved to ./data\processed\train_tfidf.csv
2025-02-19 20:16:29,393 - feature_engineering - DEBUG - Data saved to ./data\processed\test_tfidf.csv
2025-02-19 20:17:59,568 - feature_engineering - DEBUG - Parameters retrieved from params.yaml
2025-02-19 20:17:59,578 - feature_engineering - DEBUG - Data loaded and NaNs filled from ./data/interim/train_processed.csv
2025-02-19 20:17:59,582 - feature_engineering - DEBUG - Data loaded and NaNs filled from ./data/interim/test_processed.csv
2025-02-19 20:17:59,648 - feature_engineering - DEBUG - tfidf applied and data transformed
2025-02-19 20:17:59,754 - feature_engineering - DEBUG - Data saved to ./data\processed\train_tfidf.csv
2025-02-19 20:17:59,808 - feature_engineering - DEBUG - Data saved to ./data\processed\test_tfidf.csv
