2025-02-19 11:11:50,852 - model_building - DEBUG - Data loaded from ./data/processed/train_tfidf.csv with shape (4152, 51)
2025-02-19 11:11:50,852 - model_building - DEBUG - Initializing RandomForest model with parameters: {'n_estimators': 25, 'random_state': 2}
2025-02-19 11:11:50,852 - model_building - DEBUG - Model training started with 4152 samples
2025-02-19 11:11:50,957 - model_building - DEBUG - Model training completed
2025-02-19 11:11:50,957 - model_building - DEBUG - Model saved to models/model.pkl
2025-02-19 11:50:53,750 - model_building - DEBUG - Data loaded from ./data/processed/train_tfidf.csv with shape (4103, 51)
2025-02-19 11:50:53,751 - model_building - DEBUG - Initializing RandomForest model with parameters: {'n_estimators': 25, 'random_state': 2}
2025-02-19 11:50:53,752 - model_building - DEBUG - Model training started with 4103 samples
2025-02-19 11:50:53,843 - model_building - DEBUG - Model training completed
2025-02-19 11:50:53,846 - model_building - DEBUG - Model saved to models/model.pkl
2025-02-19 19:41:32,510 - model_building - DEBUG - Parameters retrieved from params.yaml
2025-02-19 19:41:32,527 - model_building - DEBUG - Data loaded from ./data/processed/train_tfidf.csv with shape (4152, 36)
2025-02-19 19:41:32,532 - model_building - DEBUG - Initializing RandomForest model with parameters: {'n_estimators': 22, 'random_state': 2}
2025-02-19 19:41:32,532 - model_building - DEBUG - Model training started with 4152 samples
2025-02-19 19:41:32,631 - model_building - DEBUG - Model training completed
2025-02-19 19:41:32,639 - model_building - DEBUG - Model saved to models/model.pkl
2025-02-19 20:16:33,224 - model_building - DEBUG - Parameters retrieved from params.yaml
2025-02-19 20:16:33,243 - model_building - DEBUG - Data loaded from ./data/processed/train_tfidf.csv with shape (4006, 46)
2025-02-19 20:16:33,251 - model_building - DEBUG - Initializing RandomForest model with parameters: {'n_estimators': 24, 'random_state': 2}
2025-02-19 20:16:33,251 - model_building - DEBUG - Model training started with 4006 samples
2025-02-19 20:16:33,420 - model_building - DEBUG - Model training completed
2025-02-19 20:16:33,426 - model_building - DEBUG - Model saved to models/model.pkl
